<?xml version="1.0" encoding="UTF-8"?>
<!-- Generated by org.testng.reporters.JUnitReportReporter -->
<testsuite hostname="LAPTOP-8CCMCL84" name="org.mavenexample.practice.parctice2Test" tests="3" failures="0" timestamp="19 Jul 2022 04:33:12 GMT" time="0.002" errors="0">
  <testcase name="parctice2" time="0.000" classname="org.mavenexample.practice.parctice2Test"/>
  <testcase name="parctice1" time="0.000" classname="org.mavenexample.practice.parctice2Test"/>
  <testcase name="parctice3" time="0.002" classname="org.mavenexample.practice.parctice2Test"/>
</testsuite> <!-- org.mavenexample.practice.parctice2Test -->
