<?xml version="1.0" encoding="UTF-8"?>
<!-- Generated by org.testng.reporters.JUnitReportReporter -->
<testsuite hostname="LAPTOP-8CCMCL84" name="org.mavenexample.practice.parctice3Test" tests="3" failures="0" timestamp="19 Jul 2022 04:29:17 GMT" time="0.001" errors="0">
  <testcase name="parctice2" time="0.000" classname="org.mavenexample.practice.parctice3Test"/>
  <testcase name="parctice3" time="0.000" classname="org.mavenexample.practice.parctice3Test"/>
  <testcase name="parctice1" time="0.001" classname="org.mavenexample.practice.parctice3Test"/>
</testsuite> <!-- org.mavenexample.practice.parctice3Test -->
